0 info it worked if it ends with ok
1 verbose cli [ '/Users/nirnoy/.nvm/v0.10.35/bin/node',
1 verbose cli   '/Users/nirnoy/.nvm/v0.10.35/bin/npm',
1 verbose cli   'install',
1 verbose cli   '-g',
1 verbose cli   'jasmin-node' ]
2 info using npm@1.4.28
3 info using node@v0.10.35
4 verbose cache add [ 'jasmin-node', null ]
5 verbose cache add name=undefined spec="jasmin-node" args=["jasmin-node",null]
6 verbose parsed url { protocol: null,
6 verbose parsed url   slashes: null,
6 verbose parsed url   auth: null,
6 verbose parsed url   host: null,
6 verbose parsed url   port: null,
6 verbose parsed url   hostname: null,
6 verbose parsed url   hash: null,
6 verbose parsed url   search: null,
6 verbose parsed url   query: null,
6 verbose parsed url   pathname: 'jasmin-node',
6 verbose parsed url   path: 'jasmin-node',
6 verbose parsed url   href: 'jasmin-node' }
7 silly lockFile 42597b31-jasmin-node jasmin-node
8 verbose lock jasmin-node /Users/nirnoy/.npm/42597b31-jasmin-node.lock
9 silly lockFile 42597b31-jasmin-node jasmin-node
10 silly lockFile 42597b31-jasmin-node jasmin-node
11 verbose addNamed [ 'jasmin-node', '' ]
12 verbose addNamed [ null, '*' ]
13 silly lockFile 032fdbf2-jasmin-node jasmin-node@
14 verbose lock jasmin-node@ /Users/nirnoy/.npm/032fdbf2-jasmin-node.lock
15 silly addNameRange { name: 'jasmin-node', range: '*', hasData: false }
16 verbose request where is /jasmin-node
17 verbose request registry https://registry.npmjs.org/
18 verbose request id 7a2fd09b828fb1c8
19 verbose url raw /jasmin-node
20 verbose url resolving [ 'https://registry.npmjs.org/', './jasmin-node' ]
21 verbose url resolved https://registry.npmjs.org/jasmin-node
22 verbose request where is https://registry.npmjs.org/jasmin-node
23 info trying registry request attempt 1 at 13:10:33
24 http GET https://registry.npmjs.org/jasmin-node
25 http 404 https://registry.npmjs.org/jasmin-node
26 verbose headers { date: 'Thu, 19 Feb 2015 11:10:34 GMT',
26 verbose headers   server: 'CouchDB/1.5.0 (Erlang OTP/R16B03)',
26 verbose headers   'content-type': 'application/json',
26 verbose headers   'cache-control': 'max-age=0',
26 verbose headers   'content-length': '52',
26 verbose headers   'accept-ranges': 'bytes',
26 verbose headers   via: '1.1 varnish',
26 verbose headers   age: '0',
26 verbose headers   'x-served-by': 'cache-fra1226-FRA',
26 verbose headers   'x-cache': 'MISS',
26 verbose headers   'x-cache-hits': '0',
26 verbose headers   'x-timer': 'S1424344234.449580,VS0,VE180',
26 verbose headers   'keep-alive': 'timeout=10, max=50',
26 verbose headers   connection: 'Keep-Alive' }
27 silly registry.get cb [ 404,
27 silly registry.get   { date: 'Thu, 19 Feb 2015 11:10:34 GMT',
27 silly registry.get     server: 'CouchDB/1.5.0 (Erlang OTP/R16B03)',
27 silly registry.get     'content-type': 'application/json',
27 silly registry.get     'cache-control': 'max-age=0',
27 silly registry.get     'content-length': '52',
27 silly registry.get     'accept-ranges': 'bytes',
27 silly registry.get     via: '1.1 varnish',
27 silly registry.get     age: '0',
27 silly registry.get     'x-served-by': 'cache-fra1226-FRA',
27 silly registry.get     'x-cache': 'MISS',
27 silly registry.get     'x-cache-hits': '0',
27 silly registry.get     'x-timer': 'S1424344234.449580,VS0,VE180',
27 silly registry.get     'keep-alive': 'timeout=10, max=50',
27 silly registry.get     connection: 'Keep-Alive' } ]
28 silly lockFile 032fdbf2-jasmin-node jasmin-node@
29 silly lockFile 032fdbf2-jasmin-node jasmin-node@
30 error 404 404 Not Found: jasmin-node
30 error 404
30 error 404 'jasmin-node' is not in the npm registry.
30 error 404 You should bug the author to publish it
30 error 404
30 error 404 Note that you can also install from a
30 error 404 tarball, folder, or http url, or git url.
31 error System Darwin 14.0.0
32 error command "/Users/nirnoy/.nvm/v0.10.35/bin/node" "/Users/nirnoy/.nvm/v0.10.35/bin/npm" "install" "-g" "jasmin-node"
33 error cwd /Users/nirnoy/Documents/Sela/SelaCourses/NodeJS/samples/NodeCourse/Mod10/2_jasmin
34 error node -v v0.10.35
35 error npm -v 1.4.28
36 error code E404
37 verbose exit [ 1, true ]
