0 info it worked if it ends with ok
1 verbose cli [ '/usr/bin/node', '/usr/bin/npm', 'install', 'pm2', '--save' ]
2 info using npm@1.4.28
3 info using node@v0.10.35
4 verbose node symlink /usr/bin/node
5 verbose config Skipping project config: /home/nir/.npmrc. (matches userconfig)
6 verbose cache add [ 'pm2', null ]
7 verbose cache add name=undefined spec="pm2" args=["pm2",null]
8 verbose parsed url { protocol: null,
8 verbose parsed url   slashes: null,
8 verbose parsed url   auth: null,
8 verbose parsed url   host: null,
8 verbose parsed url   port: null,
8 verbose parsed url   hostname: null,
8 verbose parsed url   hash: null,
8 verbose parsed url   search: null,
8 verbose parsed url   query: null,
8 verbose parsed url   pathname: 'pm2',
8 verbose parsed url   path: 'pm2',
8 verbose parsed url   href: 'pm2' }
9 silly lockFile b1fbedd8-pm2 pm2
10 verbose lock pm2 /home/nir/.npm/b1fbedd8-pm2.lock
11 silly lockFile b1fbedd8-pm2 pm2
12 silly lockFile b1fbedd8-pm2 pm2
13 verbose addNamed [ 'pm2', '' ]
14 verbose addNamed [ null, '*' ]
15 silly lockFile d1072219-pm2 pm2@
16 verbose lock pm2@ /home/nir/.npm/d1072219-pm2.lock
17 silly addNameRange { name: 'pm2', range: '*', hasData: false }
18 verbose request where is /pm2
19 verbose request registry https://registry.npmjs.org/
20 verbose request id e69af0d55dafaad7
21 verbose url raw /pm2
22 verbose url resolving [ 'https://registry.npmjs.org/', './pm2' ]
23 verbose url resolved https://registry.npmjs.org/pm2
24 verbose request where is https://registry.npmjs.org/pm2
25 info trying registry request attempt 1 at 15:55:50
26 verbose etag "636D4YUOSL2DU14L145F6DZBN"
27 http GET https://registry.npmjs.org/pm2
28 http 200 https://registry.npmjs.org/pm2
29 silly registry.get cb [ 200,
29 silly registry.get   { date: 'Wed, 18 Feb 2015 13:55:51 GMT',
29 silly registry.get     server: 'CouchDB/1.5.0 (Erlang OTP/R16B03)',
29 silly registry.get     etag: '"NJSJYJKUXK2Q62ER30GB1HVR"',
29 silly registry.get     'content-type': 'application/json',
29 silly registry.get     'cache-control': 'max-age=60',
29 silly registry.get     'content-length': '270104',
29 silly registry.get     'accept-ranges': 'bytes',
29 silly registry.get     via: '1.1 varnish',
29 silly registry.get     age: '0',
29 silly registry.get     'x-served-by': 'cache-ams4141-AMS',
29 silly registry.get     'x-cache': 'HIT',
29 silly registry.get     'x-cache-hits': '1',
29 silly registry.get     'x-timer': 'S1424267751.536637,VS0,VE161',
29 silly registry.get     vary: 'Accept',
29 silly registry.get     'keep-alive': 'timeout=10, max=50',
29 silly registry.get     connection: 'Keep-Alive' } ]
30 silly addNameRange number 2 { name: 'pm2', range: '*', hasData: true }
31 silly addNameRange versions [ 'pm2',
31 silly addNameRange   [ '0.4.0',
31 silly addNameRange     '0.4.1',
31 silly addNameRange     '0.4.2',
31 silly addNameRange     '0.4.3',
31 silly addNameRange     '0.4.4',
31 silly addNameRange     '0.4.5',
31 silly addNameRange     '0.4.6',
31 silly addNameRange     '0.4.7',
31 silly addNameRange     '0.4.8',
31 silly addNameRange     '0.4.10',
31 silly addNameRange     '0.4.11',
31 silly addNameRange     '0.4.12',
31 silly addNameRange     '0.4.13',
31 silly addNameRange     '0.4.14',
31 silly addNameRange     '0.5.0',
31 silly addNameRange     '0.5.1',
31 silly addNameRange     '0.5.2',
31 silly addNameRange     '0.5.3',
31 silly addNameRange     '0.5.4',
31 silly addNameRange     '0.5.5',
31 silly addNameRange     '0.5.6',
31 silly addNameRange     '0.5.7',
31 silly addNameRange     '0.6.2',
31 silly addNameRange     '0.6.3',
31 silly addNameRange     '0.6.4',
31 silly addNameRange     '0.6.5',
31 silly addNameRange     '0.6.6',
31 silly addNameRange     '0.6.7',
31 silly addNameRange     '0.6.8',
31 silly addNameRange     '0.6.9',
31 silly addNameRange     '0.6.10',
31 silly addNameRange     '0.6.11',
31 silly addNameRange     '0.6.12',
31 silly addNameRange     '0.6.13',
31 silly addNameRange     '0.6.14',
31 silly addNameRange     '0.6.15',
31 silly addNameRange     '0.7.0',
31 silly addNameRange     '0.7.1',
31 silly addNameRange     '0.7.2',
31 silly addNameRange     '0.7.3',
31 silly addNameRange     '0.7.4',
31 silly addNameRange     '0.7.5',
31 silly addNameRange     '0.7.6',
31 silly addNameRange     '0.7.7',
31 silly addNameRange     '0.7.8',
31 silly addNameRange     '0.8.0',
31 silly addNameRange     '0.8.1',
31 silly addNameRange     '0.8.2',
31 silly addNameRange     '0.8.3',
31 silly addNameRange     '0.8.4',
31 silly addNameRange     '0.8.5',
31 silly addNameRange     '0.8.6',
31 silly addNameRange     '0.8.7',
31 silly addNameRange     '0.8.8',
31 silly addNameRange     '0.8.9',
31 silly addNameRange     '0.8.10',
31 silly addNameRange     '0.8.11',
31 silly addNameRange     '0.8.12',
31 silly addNameRange     '0.8.13',
31 silly addNameRange     '0.8.14',
31 silly addNameRange     '0.8.15',
31 silly addNameRange     '0.9.0',
31 silly addNameRange     '0.9.1',
31 silly addNameRange     '0.9.2',
31 silly addNameRange     '0.9.3',
31 silly addNameRange     '0.9.4',
31 silly addNameRange     '0.9.5',
31 silly addNameRange     '0.9.6',
31 silly addNameRange     '0.10.0-beta1',
31 silly addNameRange     '0.10.0-beta2',
31 silly addNameRange     '0.10.0-beta4',
31 silly addNameRange     '0.10.0-beta5',
31 silly addNameRange     '0.10.0-beta6',
31 silly addNameRange     '0.10.0-beta7',
31 silly addNameRange     '0.10.0-beta8',
31 silly addNameRange     '0.10.0-beta9',
31 silly addNameRange     '0.10.0-beta10',
31 silly addNameRange     '0.10.0-beta11',
31 silly addNameRange     '0.10.0-beta12',
31 silly addNameRange     '0.10.0-beta13',
31 silly addNameRange     '0.10.0-beta14',
31 silly addNameRange     '0.10.0-beta15',
31 silly addNameRange     '0.10.0-beta16',
31 silly addNameRange     '0.10.0-beta17',
31 silly addNameRange     '0.10.0-beta18',
31 silly addNameRange     '0.10.0-beta19',
31 silly addNameRange     '0.10.0-beta20',
31 silly addNameRange     '0.10.0-beta21',
31 silly addNameRange     '0.10.0-beta22',
31 silly addNameRange     '0.10.0-beta23',
31 silly addNameRange     '0.10.0-beta25',
31 silly addNameRange     '0.10.0',
31 silly addNameRange     '0.10.1',
31 silly addNameRange     '0.10.2',
31 silly addNameRange     '0.10.3',
31 silly addNameRange     '0.10.4',
31 silly addNameRange     '0.10.5',
31 silly addNameRange     '0.10.6',
31 silly addNameRange     '0.10.7',
31 silly addNameRange     '0.10.8',
31 silly addNameRange     '0.11.0-beta1',
31 silly addNameRange     '0.11.0',
31 silly addNameRange     '0.11.1',
31 silly addNameRange     '0.12.0',
31 silly addNameRange     '0.12.1',
31 silly addNameRange     '0.12.2',
31 silly addNameRange     '0.12.3',
31 silly addNameRange     '0.12.4',
31 silly addNameRange     '0.12.5' ] ]
32 verbose addNamed [ 'pm2', '0.12.5' ]
33 verbose addNamed [ '0.12.5', '0.12.5' ]
34 silly lockFile a0af6a3b-pm2-0-12-5 pm2@0.12.5
35 verbose lock pm2@0.12.5 /home/nir/.npm/a0af6a3b-pm2-0-12-5.lock
36 silly lockFile e4c6d713-try-npmjs-org-pm2-pm2-0-12-5-tgz https://registry.npmjs.org/pm2/-/pm2-0.12.5.tgz
37 verbose lock https://registry.npmjs.org/pm2/-/pm2-0.12.5.tgz /home/nir/.npm/e4c6d713-try-npmjs-org-pm2-pm2-0-12-5-tgz.lock
38 verbose addRemoteTarball [ 'https://registry.npmjs.org/pm2/-/pm2-0.12.5.tgz',
38 verbose addRemoteTarball   '4b5f3404d2a01ac77d2284488199054e4dc48f58' ]
39 info retry fetch attempt 1 at 15:55:51
40 verbose fetch to= /tmp/npm-2725--CgE2d28/registry.npmjs.org/pm2/-/pm2-0.12.5.tgz
41 http GET https://registry.npmjs.org/pm2/-/pm2-0.12.5.tgz
42 http 200 https://registry.npmjs.org/pm2/-/pm2-0.12.5.tgz
43 silly lockFile e4c6d713-try-npmjs-org-pm2-pm2-0-12-5-tgz https://registry.npmjs.org/pm2/-/pm2-0.12.5.tgz
44 silly lockFile e4c6d713-try-npmjs-org-pm2-pm2-0-12-5-tgz https://registry.npmjs.org/pm2/-/pm2-0.12.5.tgz
45 silly lockFile a0af6a3b-pm2-0-12-5 pm2@0.12.5
46 silly lockFile a0af6a3b-pm2-0-12-5 pm2@0.12.5
47 silly lockFile d1072219-pm2 pm2@
48 silly lockFile d1072219-pm2 pm2@
49 error Error: EACCES, mkdir '/home/nir/.npm/pm2/0.12.5'
49 error  { [Error: EACCES, mkdir '/home/nir/.npm/pm2/0.12.5'] errno: 3, code: 'EACCES', path: '/home/nir/.npm/pm2/0.12.5' }
50 error Please try running this command again as root/Administrator.
51 error System Linux 3.13.0-37-generic
52 error command "/usr/bin/node" "/usr/bin/npm" "install" "pm2" "--save"
53 error cwd /home/nir/git/NodeCourse/Mod09/pm2
54 error node -v v0.10.35
55 error npm -v 1.4.28
56 error path /home/nir/.npm/pm2/0.12.5
57 error code EACCES
58 error errno 3
59 error stack Error: EACCES, mkdir '/home/nir/.npm/pm2/0.12.5'
60 verbose exit [ 3, true ]
